2022-11-02 23:19:31,960 : INFO : test_Registration : for entering firstname
2022-11-02 23:19:32,117 : INFO : test_Registration : for entering email
2022-11-02 23:19:32,299 : INFO : test_Registration : for entering pwd
2022-11-02 23:19:32,581 : INFO : test_Registration : for entering gender
2022-11-02 23:19:43,046 : INFO : test_Registration : the text:×
Success! The Form has been submitted successfully!.
2022-11-02 23:19:53,612 : INFO : test_Registration : for entering firstname
2022-11-02 23:19:53,612 : INFO : test_Registration : for entering firstname
2022-11-02 23:19:53,809 : INFO : test_Registration : for entering email
2022-11-02 23:19:53,809 : INFO : test_Registration : for entering email
2022-11-02 23:19:54,069 : INFO : test_Registration : for entering pwd
2022-11-02 23:19:54,069 : INFO : test_Registration : for entering pwd
2022-11-02 23:19:54,393 : INFO : test_Registration : for entering gender
2022-11-02 23:19:54,393 : INFO : test_Registration : for entering gender
2022-11-02 23:20:05,041 : INFO : test_Registration : the text:×
Success! The Form has been submitted successfully!.
2022-11-02 23:20:05,041 : INFO : test_Registration : the text:×
Success! The Form has been submitted successfully!.
2022-11-02 23:43:53,064 : INFO : test_Registration : for entering firstname::Lakshmi
2022-11-02 23:43:53,391 : INFO : test_Registration : for entering email::Lakshmi@gmail.com
2022-11-02 23:43:53,643 : INFO : test_Registration : for entering pwd::Lakshmi@123
2022-11-02 23:44:05,234 : INFO : test_Registration : the text:×
Success! The Form has been submitted successfully!.
2022-11-02 23:44:17,480 : INFO : test_Registration : for entering firstname::Mohan
2022-11-02 23:44:17,480 : INFO : test_Registration : for entering firstname::Mohan
2022-11-02 23:44:17,725 : INFO : test_Registration : for entering email::Moa@gmail.com
2022-11-02 23:44:17,725 : INFO : test_Registration : for entering email::Moa@gmail.com
2022-11-02 23:44:18,047 : INFO : test_Registration : for entering pwd::Moan@123
2022-11-02 23:44:18,047 : INFO : test_Registration : for entering pwd::Moan@123
2022-11-02 23:44:29,418 : INFO : test_Registration : the text:×
Success! The Form has been submitted successfully!.
2022-11-02 23:44:29,418 : INFO : test_Registration : the text:×
Success! The Form has been submitted successfully!.
2022-11-02 23:51:07,990 : INFO : test_Registration : for entering firstname::Lakshmi
2022-11-02 23:51:08,276 : INFO : test_Registration : for entering email::Lakshmi@gmail.com
2022-11-02 23:51:08,471 : INFO : test_Registration : for entering pwd::Lakshmi@123
2022-11-02 23:51:19,263 : INFO : test_Registration : the text:×
Success! The Form has been submitted successfully!.
2022-11-02 23:51:29,869 : INFO : test_Registration : for entering firstname::Mohan
2022-11-02 23:51:29,869 : INFO : test_Registration : for entering firstname::Mohan
2022-11-02 23:51:30,079 : INFO : test_Registration : for entering email::Moa@gmail.com
2022-11-02 23:51:30,079 : INFO : test_Registration : for entering email::Moa@gmail.com
2022-11-02 23:51:30,358 : INFO : test_Registration : for entering pwd::Moan@123
2022-11-02 23:51:30,358 : INFO : test_Registration : for entering pwd::Moan@123
2022-11-02 23:51:41,495 : INFO : test_Registration : the text:×
Success! The Form has been submitted successfully!.
2022-11-02 23:51:41,495 : INFO : test_Registration : the text:×
Success! The Form has been submitted successfully!.
2022-11-03 00:19:12,166 : INFO : test_Registration : for entering firstname::Lakshmi
2022-11-03 00:19:12,385 : INFO : test_Registration : for entering email::Lakshmi@gmail.com
2022-11-03 00:19:12,681 : INFO : test_Registration : for entering pwd::Lakshmi@123
2022-11-03 00:19:23,952 : INFO : test_Registration : the text:×
Success! The Form has been submitted successfully!.
2022-11-03 00:19:37,042 : INFO : test_Registration : for entering firstname::Mohan
2022-11-03 00:19:37,042 : INFO : test_Registration : for entering firstname::Mohan
2022-11-03 00:19:37,669 : INFO : test_Registration : for entering email::Moa@gmail.com
2022-11-03 00:19:37,669 : INFO : test_Registration : for entering email::Moa@gmail.com
2022-11-03 00:19:37,980 : INFO : test_Registration : for entering pwd::Moan@123
2022-11-03 00:19:37,980 : INFO : test_Registration : for entering pwd::Moan@123
2022-11-03 00:19:50,592 : INFO : test_Registration : the text:×
Success! The Form has been submitted successfully!.
2022-11-03 00:19:50,592 : INFO : test_Registration : the text:×
Success! The Form has been submitted successfully!.
2022-11-13 12:45:37,122 : INFO : test_Registration : for entering firstname::lakshmi
2022-11-13 12:45:38,195 : INFO : test_Registration : for entering email::korada@gmail.com
2022-11-13 12:45:38,492 : INFO : test_Registration : for entering pwd::korada
2022-11-13 12:45:50,143 : INFO : test_Registration : the text:×
Success! The Form has been submitted successfully!.
2022-11-13 12:46:27,387 : INFO : test_Registration : for entering firstname::lakshmi
2022-11-13 12:46:27,616 : INFO : test_Registration : for entering email::korada@gmail.com
2022-11-13 12:46:28,023 : INFO : test_Registration : for entering pwd::korada
2022-11-13 12:46:39,313 : INFO : test_Registration : the text:×
Success! The Form has been submitted successfully!.
2022-11-13 15:15:14,173 : INFO : test_Registration : for entering firstname::lakshmi
2022-11-13 15:15:14,630 : INFO : test_Registration : for entering email::korada@gmail.com
2022-11-13 15:15:14,958 : INFO : test_Registration : for entering pwd::korada
2022-11-13 15:15:26,513 : INFO : test_Registration : the text:×
Success! The Form has been submitted successfully!.
2022-11-13 15:18:26,257 : INFO : test_Registration : for entering firstname::lakshmi
2022-11-13 15:18:26,433 : INFO : test_Registration : for entering email::korada@gmail.com
2022-11-13 15:18:26,702 : INFO : test_Registration : for entering pwd::korada
2022-11-13 15:18:50,263 : INFO : test_Registration : for entering firstname::lakshmi
2022-11-13 15:18:50,475 : INFO : test_Registration : for entering email::korada@gmail.com
2022-11-13 15:18:50,722 : INFO : test_Registration : for entering pwd::korada
2022-11-13 15:19:01,871 : INFO : test_Registration : the text:×
Success! The Form has been submitted successfully!.
2022-11-13 15:22:17,433 : INFO : test_Registration : for entering firstname::lakshmi
2022-11-13 15:22:17,573 : INFO : test_Registration : for entering email::korada@gmail.com
2022-11-13 15:22:17,763 : INFO : test_Registration : for entering pwd::korada
2022-11-13 15:22:28,648 : INFO : test_Registration : the text:×
Success! The Form has been submitted successfully!.
2022-11-13 15:39:22,295 : INFO : test_Registration : for entering firstname::lakshmi
2022-11-13 15:39:22,432 : INFO : test_Registration : for entering email::korada@gmail.com
2022-11-13 15:39:22,670 : INFO : test_Registration : for entering pwd::korada
2022-11-13 15:39:33,575 : INFO : test_Registration : the text:×
Success! The Form has been submitted successfully!.
2022-11-13 15:40:59,528 : INFO : test_Registration : for entering firstname::lakshmi
2022-11-13 15:41:03,788 : INFO : test_Registration : for entering email::korada@gmail.com
2022-11-13 15:41:04,770 : INFO : test_Registration : for entering pwd::korada
2022-11-13 15:41:18,382 : INFO : test_Registration : the text:×
Success! The Form has been submitted successfully!.
2022-11-13 15:42:30,005 : INFO : test_Registration : for entering firstname::lakshmi
2022-11-13 15:42:30,158 : INFO : test_Registration : for entering email::korada@gmail.com
2022-11-13 15:42:30,496 : INFO : test_Registration : for entering pwd::korada
2022-11-13 15:42:42,237 : INFO : test_Registration : the text:×
Success! The Form has been submitted successfully!.
2022-11-14 13:00:20,656 : INFO : test_Registration : for entering firstname::lakshmi
2022-11-14 13:00:21,017 : INFO : test_Registration : for entering email::korada@gmail.com
2022-11-14 13:00:22,186 : INFO : test_Registration : for entering pwd::korada
2022-11-14 13:00:34,038 : INFO : test_Registration : the text:×
Success! The Form has been submitted successfully!.
2022-11-14 13:08:33,860 : INFO : test_Registration : for entering firstname::lakshmi
2022-11-14 13:08:34,030 : INFO : test_Registration : for entering email::korada@gmail.com
2022-11-14 13:08:34,236 : INFO : test_Registration : for entering pwd::korada
2022-11-14 13:10:57,422 : INFO : test_Registration : for entering firstname::lakshmi
2022-11-14 13:10:57,724 : INFO : test_Registration : for entering email::korada@gmail.com
2022-11-14 13:10:57,904 : INFO : test_Registration : for entering pwd::korada
2022-11-14 13:11:08,786 : INFO : test_Registration : the text:×
Success! The Form has been submitted successfully!.
2022-11-14 13:13:41,501 : INFO : test_Registration : for entering firstname::lakshmi
2022-11-14 13:13:41,680 : INFO : test_Registration : for entering email::korada@gmail.com
2022-11-14 13:13:41,865 : INFO : test_Registration : for entering pwd::korada
2022-11-14 13:13:52,639 : INFO : test_Registration : the text:×
Success! The Form has been submitted successfully!.
2022-11-14 13:14:11,786 : INFO : test_Registration : for entering firstname::lakshmi
2022-11-14 13:14:11,951 : INFO : test_Registration : for entering email::korada@gmail.com
2022-11-14 13:14:12,161 : INFO : test_Registration : for entering pwd::korada
2022-11-14 13:14:23,027 : INFO : test_Registration : the text:×
Success! The Form has been submitted successfully!.
